10:17:41.099 [main] INFO  org.springframework.web.context.ContextLoader - Root WebApplicationContext: initialization started
10:17:42.089 [main] INFO  org.springframework.data.repository.config.RepositoryConfigurationDelegate - Bootstrapping Spring Data JPA repositories in DEFAULT mode.
10:17:42.310 [main] INFO  org.springframework.data.repository.config.RepositoryConfigurationDelegate - Finished Spring Data repository scanning in 176 ms. Found 2 JPA repository interfaces.
10:17:43.096 [main] INFO  org.hibernate.jpa.internal.util.LogHelper - HHH000204: Processing PersistenceUnitInfo [name: default]
10:17:43.257 [main] INFO  org.hibernate.Version - HHH000412: Hibernate ORM core version 5.4.22.Final
10:17:43.615 [main] INFO  org.hibernate.annotations.common.Version - HCANN000001: Hibernate Commons Annotations {5.1.0.Final}
10:17:44.743 [main] INFO  org.hibernate.dialect.Dialect - HHH000400: Using dialect: org.hibernate.dialect.MySQLDialect
10:17:46.698 [main] INFO  org.hibernate.engine.transaction.jta.platform.internal.JtaPlatformInitiator - HHH000490: Using JtaPlatform implementation: [org.hibernate.engine.transaction.jta.platform.internal.NoJtaPlatform]
10:17:46.722 [main] INFO  org.springframework.orm.jpa.LocalContainerEntityManagerFactoryBean - Initialized JPA EntityManagerFactory for persistence unit 'default'
10:17:48.282 [main] INFO  org.springframework.web.context.ContextLoader - Root WebApplicationContext initialized in 7162 ms
10:19:00.464 [Thread-1] INFO  org.springframework.orm.jpa.LocalContainerEntityManagerFactoryBean - Closing JPA EntityManagerFactory for persistence unit 'default'
10:19:15.834 [main] INFO  org.springframework.web.context.ContextLoader - Root WebApplicationContext: initialization started
10:19:16.730 [main] INFO  org.springframework.data.repository.config.RepositoryConfigurationDelegate - Bootstrapping Spring Data JPA repositories in DEFAULT mode.
10:19:16.932 [main] INFO  org.springframework.data.repository.config.RepositoryConfigurationDelegate - Finished Spring Data repository scanning in 166 ms. Found 2 JPA repository interfaces.
10:19:17.735 [main] INFO  org.hibernate.jpa.internal.util.LogHelper - HHH000204: Processing PersistenceUnitInfo [name: default]
10:19:17.895 [main] INFO  org.hibernate.Version - HHH000412: Hibernate ORM core version 5.4.22.Final
10:19:18.224 [main] INFO  org.hibernate.annotations.common.Version - HCANN000001: Hibernate Commons Annotations {5.1.0.Final}
10:19:19.264 [main] INFO  org.hibernate.dialect.Dialect - HHH000400: Using dialect: org.hibernate.dialect.MySQLDialect
10:19:21.088 [main] INFO  org.hibernate.engine.transaction.jta.platform.internal.JtaPlatformInitiator - HHH000490: Using JtaPlatform implementation: [org.hibernate.engine.transaction.jta.platform.internal.NoJtaPlatform]
10:19:21.108 [main] INFO  org.springframework.orm.jpa.LocalContainerEntityManagerFactoryBean - Initialized JPA EntityManagerFactory for persistence unit 'default'
10:19:22.657 [main] INFO  org.springframework.web.context.ContextLoader - Root WebApplicationContext initialized in 6798 ms
10:19:35.246 [http-nio-8080-exec-1] INFO  com.dev.tiendamusicalweb.controllers.HomeController - INFO
10:19:35.246 [http-nio-8080-exec-1] WARN  com.dev.tiendamusicalweb.controllers.HomeController - WARN
10:19:35.246 [http-nio-8080-exec-1] ERROR com.dev.tiendamusicalweb.controllers.HomeController - ERROR
10:19:35.246 [http-nio-8080-exec-1] FATAL com.dev.tiendamusicalweb.controllers.HomeController - FATAL
10:19:51.503 [Thread-1] INFO  org.springframework.orm.jpa.LocalContainerEntityManagerFactoryBean - Closing JPA EntityManagerFactory for persistence unit 'default'
18:50:32.653 [main] INFO  org.springframework.web.context.ContextLoader - Root WebApplicationContext: initialization started
18:50:33.161 [main] INFO  org.springframework.data.repository.config.RepositoryConfigurationDelegate - Bootstrapping Spring Data JPA repositories in DEFAULT mode.
18:50:33.269 [main] INFO  org.springframework.data.repository.config.RepositoryConfigurationDelegate - Finished Spring Data repository scanning in 89 ms. Found 2 JPA repository interfaces.
18:50:33.727 [main] INFO  org.hibernate.jpa.internal.util.LogHelper - HHH000204: Processing PersistenceUnitInfo [name: default]
18:50:33.863 [main] INFO  org.hibernate.Version - HHH000412: Hibernate ORM core version 5.4.22.Final
18:50:34.092 [main] INFO  org.hibernate.annotations.common.Version - HCANN000001: Hibernate Commons Annotations {5.1.0.Final}
18:50:34.798 [main] INFO  org.hibernate.dialect.Dialect - HHH000400: Using dialect: org.hibernate.dialect.MySQLDialect
18:50:35.875 [main] INFO  org.hibernate.engine.transaction.jta.platform.internal.JtaPlatformInitiator - HHH000490: Using JtaPlatform implementation: [org.hibernate.engine.transaction.jta.platform.internal.NoJtaPlatform]
18:50:35.887 [main] INFO  org.springframework.orm.jpa.LocalContainerEntityManagerFactoryBean - Initialized JPA EntityManagerFactory for persistence unit 'default'
18:50:36.764 [main] INFO  org.springframework.web.context.ContextLoader - Root WebApplicationContext initialized in 4102 ms
18:51:01.127 [http-nio-8080-exec-10] INFO  com.dev.tiendamusicalweb.controllers.HomeController - INFO
18:51:01.128 [http-nio-8080-exec-10] WARN  com.dev.tiendamusicalweb.controllers.HomeController - WARN
18:51:01.128 [http-nio-8080-exec-10] ERROR com.dev.tiendamusicalweb.controllers.HomeController - ERROR
18:51:01.128 [http-nio-8080-exec-10] FATAL com.dev.tiendamusicalweb.controllers.HomeController - FATAL
18:51:03.694 [http-nio-8080-exec-10] INFO  com.dev.tiendamusicalweb.controllers.HomeController - Artista: Arctic Monkeys
18:51:03.694 [http-nio-8080-exec-10] INFO  com.dev.tiendamusicalweb.controllers.HomeController - Artista: Iron Maiden
18:51:03.695 [http-nio-8080-exec-10] INFO  com.dev.tiendamusicalweb.controllers.HomeController - Artista: Muse
18:51:04.583 [http-nio-8080-exec-5] INFO  com.dev.tiendamusicalweb.controllers.HomeController - Artista: Arctic Monkeys
18:51:04.583 [http-nio-8080-exec-5] INFO  com.dev.tiendamusicalweb.controllers.HomeController - Artista: Iron Maiden
18:51:04.583 [http-nio-8080-exec-5] INFO  com.dev.tiendamusicalweb.controllers.HomeController - Artista: Muse
18:51:04.685 [http-nio-8080-exec-3] INFO  com.dev.tiendamusicalweb.controllers.HomeController - Artista: AC-DC
18:51:04.685 [http-nio-8080-exec-3] INFO  com.dev.tiendamusicalweb.controllers.HomeController - Artista: Arctic Monkeys
18:51:04.685 [http-nio-8080-exec-3] INFO  com.dev.tiendamusicalweb.controllers.HomeController - Artista: Iron Maiden
18:51:04.685 [http-nio-8080-exec-3] INFO  com.dev.tiendamusicalweb.controllers.HomeController - Artista: Metallica
18:51:04.685 [http-nio-8080-exec-3] INFO  com.dev.tiendamusicalweb.controllers.HomeController - Artista: Metallica
18:51:04.685 [http-nio-8080-exec-3] INFO  com.dev.tiendamusicalweb.controllers.HomeController - Artista: Muse
18:51:04.875 [http-nio-8080-exec-10] INFO  com.dev.tiendamusicalweb.controllers.HomeController - Artista: Iron Maiden
18:51:04.876 [http-nio-8080-exec-10] INFO  com.dev.tiendamusicalweb.controllers.HomeController - Artista: Metallica
18:51:04.876 [http-nio-8080-exec-10] INFO  com.dev.tiendamusicalweb.controllers.HomeController - Artista: Metallica
18:51:04.974 [http-nio-8080-exec-2] INFO  com.dev.tiendamusicalweb.controllers.HomeController - Artista: Iron Maiden
18:51:04.974 [http-nio-8080-exec-2] INFO  com.dev.tiendamusicalweb.controllers.HomeController - Artista: Metallica
18:51:04.974 [http-nio-8080-exec-2] INFO  com.dev.tiendamusicalweb.controllers.HomeController - Artista: Metallica
18:51:06.286 [http-nio-8080-exec-8] INFO  com.dev.tiendamusicalweb.controllers.HomeController - Artista: Arctic Monkeys
18:51:06.286 [http-nio-8080-exec-8] INFO  com.dev.tiendamusicalweb.controllers.HomeController - Artista: Iron Maiden
18:51:06.286 [http-nio-8080-exec-8] INFO  com.dev.tiendamusicalweb.controllers.HomeController - Artista: Metallica
18:51:06.286 [http-nio-8080-exec-8] INFO  com.dev.tiendamusicalweb.controllers.HomeController - Artista: Metallica
18:51:06.286 [http-nio-8080-exec-8] INFO  com.dev.tiendamusicalweb.controllers.HomeController - Artista: Muse
18:51:16.545 [http-nio-8080-exec-9] INFO  com.dev.tiendamusicalweb.controllers.HomeController - Artista: AC-DC
18:51:16.546 [http-nio-8080-exec-9] INFO  com.dev.tiendamusicalweb.controllers.HomeController - Artista: Arctic Monkeys
18:51:16.546 [http-nio-8080-exec-9] INFO  com.dev.tiendamusicalweb.controllers.HomeController - Artista: Iron Maiden
18:51:16.546 [http-nio-8080-exec-9] INFO  com.dev.tiendamusicalweb.controllers.HomeController - Artista: Metallica
18:51:16.546 [http-nio-8080-exec-9] INFO  com.dev.tiendamusicalweb.controllers.HomeController - Artista: Metallica
18:51:16.546 [http-nio-8080-exec-9] INFO  com.dev.tiendamusicalweb.controllers.HomeController - Artista: Muse
18:51:26.076 [Thread-1] INFO  org.springframework.orm.jpa.LocalContainerEntityManagerFactoryBean - Closing JPA EntityManagerFactory for persistence unit 'default'
18:55:33.327 [main] INFO  org.springframework.web.context.ContextLoader - Root WebApplicationContext: initialization started
18:55:33.860 [main] INFO  org.springframework.data.repository.config.RepositoryConfigurationDelegate - Bootstrapping Spring Data JPA repositories in DEFAULT mode.
18:55:33.990 [main] INFO  org.springframework.data.repository.config.RepositoryConfigurationDelegate - Finished Spring Data repository scanning in 113 ms. Found 2 JPA repository interfaces.
18:55:34.505 [main] INFO  org.hibernate.jpa.internal.util.LogHelper - HHH000204: Processing PersistenceUnitInfo [name: default]
18:55:34.606 [main] INFO  org.hibernate.Version - HHH000412: Hibernate ORM core version 5.4.22.Final
18:55:34.835 [main] INFO  org.hibernate.annotations.common.Version - HCANN000001: Hibernate Commons Annotations {5.1.0.Final}
18:55:35.567 [main] INFO  org.hibernate.dialect.Dialect - HHH000400: Using dialect: org.hibernate.dialect.MySQLDialect
18:55:36.760 [main] INFO  org.hibernate.engine.transaction.jta.platform.internal.JtaPlatformInitiator - HHH000490: Using JtaPlatform implementation: [org.hibernate.engine.transaction.jta.platform.internal.NoJtaPlatform]
18:55:36.774 [main] INFO  org.springframework.orm.jpa.LocalContainerEntityManagerFactoryBean - Initialized JPA EntityManagerFactory for persistence unit 'default'
18:55:37.783 [main] INFO  org.springframework.web.context.ContextLoader - Root WebApplicationContext initialized in 4448 ms
19:28:29.349 [Thread-1] INFO  org.springframework.orm.jpa.LocalContainerEntityManagerFactoryBean - Closing JPA EntityManagerFactory for persistence unit 'default'
19:36:01.539 [main] INFO  org.springframework.web.context.ContextLoader - Root WebApplicationContext: initialization started
19:36:02.008 [main] INFO  org.springframework.data.repository.config.RepositoryConfigurationDelegate - Bootstrapping Spring Data JPA repositories in DEFAULT mode.
19:36:02.117 [main] INFO  org.springframework.data.repository.config.RepositoryConfigurationDelegate - Finished Spring Data repository scanning in 91 ms. Found 2 JPA repository interfaces.
19:36:02.613 [main] INFO  org.hibernate.jpa.internal.util.LogHelper - HHH000204: Processing PersistenceUnitInfo [name: default]
19:36:02.722 [main] INFO  org.hibernate.Version - HHH000412: Hibernate ORM core version 5.4.22.Final
19:36:02.950 [main] INFO  org.hibernate.annotations.common.Version - HCANN000001: Hibernate Commons Annotations {5.1.0.Final}
19:36:03.685 [main] INFO  org.hibernate.dialect.Dialect - HHH000400: Using dialect: org.hibernate.dialect.MySQLDialect
19:36:05.488 [main] INFO  org.hibernate.engine.transaction.jta.platform.internal.JtaPlatformInitiator - HHH000490: Using JtaPlatform implementation: [org.hibernate.engine.transaction.jta.platform.internal.NoJtaPlatform]
19:36:05.514 [main] INFO  org.springframework.orm.jpa.LocalContainerEntityManagerFactoryBean - Initialized JPA EntityManagerFactory for persistence unit 'default'
19:36:07.053 [main] INFO  org.springframework.web.context.ContextLoader - Root WebApplicationContext initialized in 5497 ms
19:36:22.272 [http-nio-8080-exec-6] INFO  com.dev.tiendamusicalweb.controllers.HomeController - INFO
19:36:22.272 [http-nio-8080-exec-6] WARN  com.dev.tiendamusicalweb.controllers.HomeController - WARN
19:36:22.272 [http-nio-8080-exec-6] ERROR com.dev.tiendamusicalweb.controllers.HomeController - ERROR
19:36:22.272 [http-nio-8080-exec-6] FATAL com.dev.tiendamusicalweb.controllers.HomeController - FATAL
19:36:24.683 [http-nio-8080-exec-6] INFO  com.dev.tiendamusicalweb.controllers.HomeController - Artista: Arctic Monkeys
19:36:24.683 [http-nio-8080-exec-6] INFO  com.dev.tiendamusicalweb.controllers.HomeController - Artista: Iron Maiden
19:36:24.683 [http-nio-8080-exec-6] INFO  com.dev.tiendamusicalweb.controllers.HomeController - Artista: Metallica
19:36:24.683 [http-nio-8080-exec-6] INFO  com.dev.tiendamusicalweb.controllers.HomeController - Artista: Metallica
19:36:24.683 [http-nio-8080-exec-6] INFO  com.dev.tiendamusicalweb.controllers.HomeController - Artista: Muse
19:36:24.801 [http-nio-8080-exec-9] INFO  com.dev.tiendamusicalweb.controllers.HomeController - Artista: Iron Maiden
19:36:24.801 [http-nio-8080-exec-9] INFO  com.dev.tiendamusicalweb.controllers.HomeController - Artista: Metallica
19:36:24.801 [http-nio-8080-exec-9] INFO  com.dev.tiendamusicalweb.controllers.HomeController - Artista: Metallica
19:46:44.963 [http-nio-8080-exec-10] INFO  com.dev.tiendamusicalweb.controllers.HomeController - INFO
19:46:44.963 [http-nio-8080-exec-10] WARN  com.dev.tiendamusicalweb.controllers.HomeController - WARN
19:46:44.963 [http-nio-8080-exec-10] ERROR com.dev.tiendamusicalweb.controllers.HomeController - ERROR
19:46:44.963 [http-nio-8080-exec-10] FATAL com.dev.tiendamusicalweb.controllers.HomeController - FATAL
19:46:47.496 [http-nio-8080-exec-1] INFO  com.dev.tiendamusicalweb.controllers.HomeController - Artista: Arctic Monkeys
19:46:47.496 [http-nio-8080-exec-1] INFO  com.dev.tiendamusicalweb.controllers.HomeController - Artista: Iron Maiden
19:46:47.496 [http-nio-8080-exec-1] INFO  com.dev.tiendamusicalweb.controllers.HomeController - Artista: Metallica
19:46:47.496 [http-nio-8080-exec-1] INFO  com.dev.tiendamusicalweb.controllers.HomeController - Artista: Metallica
19:46:47.496 [http-nio-8080-exec-1] INFO  com.dev.tiendamusicalweb.controllers.HomeController - Artista: Muse
19:46:56.188 [http-nio-8080-exec-1] INFO  com.dev.tiendamusicalweb.controllers.HomeController - INFO
19:46:56.188 [http-nio-8080-exec-1] WARN  com.dev.tiendamusicalweb.controllers.HomeController - WARN
19:46:56.188 [http-nio-8080-exec-1] ERROR com.dev.tiendamusicalweb.controllers.HomeController - ERROR
19:46:56.188 [http-nio-8080-exec-1] FATAL com.dev.tiendamusicalweb.controllers.HomeController - FATAL
19:46:58.629 [http-nio-8080-exec-4] INFO  com.dev.tiendamusicalweb.controllers.HomeController - Artista: AC-DC
19:46:58.629 [http-nio-8080-exec-4] INFO  com.dev.tiendamusicalweb.controllers.HomeController - Artista: Arctic Monkeys
19:46:58.629 [http-nio-8080-exec-4] INFO  com.dev.tiendamusicalweb.controllers.HomeController - Artista: Iron Maiden
19:46:58.629 [http-nio-8080-exec-4] INFO  com.dev.tiendamusicalweb.controllers.HomeController - Artista: Metallica
19:46:58.629 [http-nio-8080-exec-4] INFO  com.dev.tiendamusicalweb.controllers.HomeController - Artista: Metallica
19:46:58.630 [http-nio-8080-exec-4] INFO  com.dev.tiendamusicalweb.controllers.HomeController - Artista: Muse
19:48:01.296 [Thread-1] INFO  org.springframework.orm.jpa.LocalContainerEntityManagerFactoryBean - Closing JPA EntityManagerFactory for persistence unit 'default'
19:50:44.715 [main] INFO  org.springframework.web.context.ContextLoader - Root WebApplicationContext: initialization started
19:50:45.246 [main] INFO  org.springframework.data.repository.config.RepositoryConfigurationDelegate - Bootstrapping Spring Data JPA repositories in DEFAULT mode.
19:50:45.334 [main] INFO  org.springframework.data.repository.config.RepositoryConfigurationDelegate - Finished Spring Data repository scanning in 71 ms. Found 2 JPA repository interfaces.
19:50:45.832 [main] INFO  org.hibernate.jpa.internal.util.LogHelper - HHH000204: Processing PersistenceUnitInfo [name: default]
19:50:45.947 [main] INFO  org.hibernate.Version - HHH000412: Hibernate ORM core version 5.4.22.Final
19:50:46.215 [main] INFO  org.hibernate.annotations.common.Version - HCANN000001: Hibernate Commons Annotations {5.1.0.Final}
19:50:46.970 [main] INFO  org.hibernate.dialect.Dialect - HHH000400: Using dialect: org.hibernate.dialect.MySQLDialect
19:50:48.086 [main] INFO  org.hibernate.engine.transaction.jta.platform.internal.JtaPlatformInitiator - HHH000490: Using JtaPlatform implementation: [org.hibernate.engine.transaction.jta.platform.internal.NoJtaPlatform]
19:50:48.101 [main] INFO  org.springframework.orm.jpa.LocalContainerEntityManagerFactoryBean - Initialized JPA EntityManagerFactory for persistence unit 'default'
19:50:48.968 [main] INFO  org.springframework.web.context.ContextLoader - Root WebApplicationContext initialized in 4244 ms
19:51:02.433 [http-nio-8080-exec-6] INFO  com.dev.tiendamusicalweb.controllers.HomeController - INFO
19:51:02.433 [http-nio-8080-exec-6] WARN  com.dev.tiendamusicalweb.controllers.HomeController - WARN
19:51:02.433 [http-nio-8080-exec-6] ERROR com.dev.tiendamusicalweb.controllers.HomeController - ERROR
19:51:02.433 [http-nio-8080-exec-6] FATAL com.dev.tiendamusicalweb.controllers.HomeController - FATAL
19:51:05.300 [http-nio-8080-exec-6] INFO  com.dev.tiendamusicalweb.controllers.HomeController - Artista: AC-DC
19:51:05.300 [http-nio-8080-exec-6] INFO  com.dev.tiendamusicalweb.controllers.HomeController - Artista: Arctic Monkeys
19:51:05.301 [http-nio-8080-exec-6] INFO  com.dev.tiendamusicalweb.controllers.HomeController - Artista: Iron Maiden
19:51:05.301 [http-nio-8080-exec-6] INFO  com.dev.tiendamusicalweb.controllers.HomeController - Artista: Metallica
19:51:05.301 [http-nio-8080-exec-6] INFO  com.dev.tiendamusicalweb.controllers.HomeController - Artista: Metallica
19:51:05.301 [http-nio-8080-exec-6] INFO  com.dev.tiendamusicalweb.controllers.HomeController - Artista: Muse
19:51:05.513 [http-nio-8080-exec-7] INFO  com.dev.tiendamusicalweb.controllers.HomeController - Artista: AC-DC
19:51:05.513 [http-nio-8080-exec-7] INFO  com.dev.tiendamusicalweb.controllers.HomeController - Artista: Arctic Monkeys
19:51:05.513 [http-nio-8080-exec-7] INFO  com.dev.tiendamusicalweb.controllers.HomeController - Artista: Iron Maiden
19:51:05.513 [http-nio-8080-exec-7] INFO  com.dev.tiendamusicalweb.controllers.HomeController - Artista: Metallica
19:51:05.513 [http-nio-8080-exec-7] INFO  com.dev.tiendamusicalweb.controllers.HomeController - Artista: Metallica
19:51:05.513 [http-nio-8080-exec-7] INFO  com.dev.tiendamusicalweb.controllers.HomeController - Artista: Muse
19:53:48.285 [Catalina-utility-2] INFO  org.springframework.orm.jpa.LocalContainerEntityManagerFactoryBean - Closing JPA EntityManagerFactory for persistence unit 'default'
19:53:51.003 [Catalina-utility-2] INFO  org.springframework.web.context.ContextLoader - Root WebApplicationContext: initialization started
19:53:51.332 [Catalina-utility-2] INFO  org.springframework.data.repository.config.RepositoryConfigurationDelegate - Bootstrapping Spring Data JPA repositories in DEFAULT mode.
19:53:51.409 [Catalina-utility-2] INFO  org.springframework.data.repository.config.RepositoryConfigurationDelegate - Finished Spring Data repository scanning in 62 ms. Found 2 JPA repository interfaces.
19:53:51.749 [Catalina-utility-2] INFO  org.hibernate.jpa.internal.util.LogHelper - HHH000204: Processing PersistenceUnitInfo [name: default]
19:53:51.852 [Catalina-utility-2] INFO  org.hibernate.Version - HHH000412: Hibernate ORM core version 5.4.22.Final
19:53:52.049 [Catalina-utility-2] INFO  org.hibernate.annotations.common.Version - HCANN000001: Hibernate Commons Annotations {5.1.0.Final}
19:53:52.437 [Catalina-utility-2] INFO  org.hibernate.dialect.Dialect - HHH000400: Using dialect: org.hibernate.dialect.MySQLDialect
19:53:53.439 [Catalina-utility-2] INFO  org.hibernate.engine.transaction.jta.platform.internal.JtaPlatformInitiator - HHH000490: Using JtaPlatform implementation: [org.hibernate.engine.transaction.jta.platform.internal.NoJtaPlatform]
19:53:53.450 [Catalina-utility-2] INFO  org.springframework.orm.jpa.LocalContainerEntityManagerFactoryBean - Initialized JPA EntityManagerFactory for persistence unit 'default'
19:53:54.352 [Catalina-utility-2] INFO  org.springframework.web.context.ContextLoader - Root WebApplicationContext initialized in 3340 ms
19:56:21.606 [main] INFO  org.springframework.web.context.ContextLoader - Root WebApplicationContext: initialization started
19:56:22.071 [main] INFO  org.springframework.data.repository.config.RepositoryConfigurationDelegate - Bootstrapping Spring Data JPA repositories in DEFAULT mode.
19:56:22.168 [main] INFO  org.springframework.data.repository.config.RepositoryConfigurationDelegate - Finished Spring Data repository scanning in 80 ms. Found 2 JPA repository interfaces.
19:56:22.613 [main] INFO  org.hibernate.jpa.internal.util.LogHelper - HHH000204: Processing PersistenceUnitInfo [name: default]
19:56:22.693 [main] INFO  org.hibernate.Version - HHH000412: Hibernate ORM core version 5.4.22.Final
19:56:22.873 [main] INFO  org.hibernate.annotations.common.Version - HCANN000001: Hibernate Commons Annotations {5.1.0.Final}
19:56:23.481 [main] INFO  org.hibernate.dialect.Dialect - HHH000400: Using dialect: org.hibernate.dialect.MySQLDialect
19:56:24.547 [main] INFO  org.hibernate.engine.transaction.jta.platform.internal.JtaPlatformInitiator - HHH000490: Using JtaPlatform implementation: [org.hibernate.engine.transaction.jta.platform.internal.NoJtaPlatform]
19:56:24.561 [main] INFO  org.springframework.orm.jpa.LocalContainerEntityManagerFactoryBean - Initialized JPA EntityManagerFactory for persistence unit 'default'
19:56:25.659 [main] INFO  org.springframework.web.context.ContextLoader - Root WebApplicationContext initialized in 4040 ms
19:57:18.138 [http-nio-8080-exec-10] INFO  com.dev.tiendamusicalweb.controllers.HomeController - INFO
19:57:18.139 [http-nio-8080-exec-10] WARN  com.dev.tiendamusicalweb.controllers.HomeController - WARN
19:57:18.139 [http-nio-8080-exec-10] ERROR com.dev.tiendamusicalweb.controllers.HomeController - ERROR
19:57:18.139 [http-nio-8080-exec-10] FATAL com.dev.tiendamusicalweb.controllers.HomeController - FATAL
19:57:20.552 [http-nio-8080-exec-3] INFO  com.dev.tiendamusicalweb.controllers.HomeController - Artista: Arctic Monkeys
19:57:20.552 [http-nio-8080-exec-3] INFO  com.dev.tiendamusicalweb.controllers.HomeController - Artista: Iron Maiden
19:57:20.552 [http-nio-8080-exec-3] INFO  com.dev.tiendamusicalweb.controllers.HomeController - Artista: Metallica
19:57:20.552 [http-nio-8080-exec-3] INFO  com.dev.tiendamusicalweb.controllers.HomeController - Artista: Metallica
19:57:20.552 [http-nio-8080-exec-3] INFO  com.dev.tiendamusicalweb.controllers.HomeController - Artista: Muse
19:57:37.067 [Thread-1] INFO  org.springframework.orm.jpa.LocalContainerEntityManagerFactoryBean - Closing JPA EntityManagerFactory for persistence unit 'default'
